2022-07-12 09:01:43,492 - run.py[line:19] - INFO: GRU_VGG16 model starts training...
2022-07-12 09:01:43,733 - run.py[line:31] - INFO: Loading data...
2022-07-12 09:01:43,735 - run.py[line:35] - INFO: Time usage:0:00:00
2022-07-12 09:01:46,672 - train_eval.py[line:45] - INFO: Epoch [1/30]
2022-07-12 09:03:59,592 - train_eval.py[line:87] - INFO: Train Loss: 1.09687,  Train Acc: 59.66%,  Train F1: 24.91%,  Val Loss:   1.1,  Val Acc: 59.88%,  Val F1: 24.97%
2022-07-12 09:03:59,592 - train_eval.py[line:88] - INFO: Precision, Recall and F1-Score...
2022-07-12 09:03:59,593 - train_eval.py[line:89] - INFO:               precision    recall  f1-score   support

    negative     0.0000    0.0000    0.0000       233
     neutral     0.0000    0.0000    0.0000        88
    positive     0.5988    1.0000    0.7490       479

    accuracy                         0.5988       800
   macro avg     0.1996    0.3333    0.2497       800
weighted avg     0.3585    0.5988    0.4485       800

2022-07-12 09:03:59,593 - train_eval.py[line:90] - INFO: Confusion Matrix...
2022-07-12 09:03:59,593 - train_eval.py[line:91] - INFO: [[  0   0 233]
 [  0   0  88]
 [  0   0 479]]
2022-07-12 09:04:02,406 - train_eval.py[line:45] - INFO: Epoch [2/30]
2022-07-12 09:05:34,421 - train_eval.py[line:87] - INFO: Train Loss: 1.09591,  Train Acc: 59.66%,  Train F1: 24.91%,  Val Loss:   1.1,  Val Acc: 59.88%,  Val F1: 24.97%
2022-07-12 09:05:34,421 - train_eval.py[line:88] - INFO: Precision, Recall and F1-Score...
2022-07-12 09:05:34,421 - train_eval.py[line:89] - INFO:               precision    recall  f1-score   support

    negative     0.0000    0.0000    0.0000       233
     neutral     0.0000    0.0000    0.0000        88
    positive     0.5988    1.0000    0.7490       479

    accuracy                         0.5988       800
   macro avg     0.1996    0.3333    0.2497       800
weighted avg     0.3585    0.5988    0.4485       800

2022-07-12 09:05:34,421 - train_eval.py[line:90] - INFO: Confusion Matrix...
2022-07-12 09:05:34,421 - train_eval.py[line:91] - INFO: [[  0   0 233]
 [  0   0  88]
 [  0   0 479]]
2022-07-12 09:05:34,421 - train_eval.py[line:45] - INFO: Epoch [3/30]
2022-07-12 09:07:05,353 - train_eval.py[line:87] - INFO: Train Loss: 1.09401,  Train Acc: 59.66%,  Train F1: 24.91%,  Val Loss:   1.1,  Val Acc: 59.88%,  Val F1: 24.97%
2022-07-12 09:07:05,353 - train_eval.py[line:88] - INFO: Precision, Recall and F1-Score...
2022-07-12 09:07:05,353 - train_eval.py[line:89] - INFO:               precision    recall  f1-score   support

    negative     0.0000    0.0000    0.0000       233
     neutral     0.0000    0.0000    0.0000        88
    positive     0.5988    1.0000    0.7490       479

    accuracy                         0.5988       800
   macro avg     0.1996    0.3333    0.2497       800
weighted avg     0.3585    0.5988    0.4485       800

2022-07-12 09:07:05,353 - train_eval.py[line:90] - INFO: Confusion Matrix...
2022-07-12 09:07:05,353 - train_eval.py[line:91] - INFO: [[  0   0 233]
 [  0   0  88]
 [  0   0 479]]
2022-07-12 09:07:05,353 - train_eval.py[line:45] - INFO: Epoch [4/30]
2022-07-12 09:08:38,964 - train_eval.py[line:87] - INFO: Train Loss: 1.09132,  Train Acc: 59.66%,  Train F1: 24.91%,  Val Loss:   1.1,  Val Acc: 59.88%,  Val F1: 24.97%
2022-07-12 09:08:38,964 - train_eval.py[line:88] - INFO: Precision, Recall and F1-Score...
2022-07-12 09:08:38,964 - train_eval.py[line:89] - INFO:               precision    recall  f1-score   support

    negative     0.0000    0.0000    0.0000       233
     neutral     0.0000    0.0000    0.0000        88
    positive     0.5988    1.0000    0.7490       479

    accuracy                         0.5988       800
   macro avg     0.1996    0.3333    0.2497       800
weighted avg     0.3585    0.5988    0.4485       800

2022-07-12 09:08:38,964 - train_eval.py[line:90] - INFO: Confusion Matrix...
2022-07-12 09:08:38,964 - train_eval.py[line:91] - INFO: [[  0   0 233]
 [  0   0  88]
 [  0   0 479]]
2022-07-12 09:08:38,965 - train_eval.py[line:45] - INFO: Epoch [5/30]
2022-07-12 09:10:33,881 - train_eval.py[line:87] - INFO: Train Loss: 1.08792,  Train Acc: 59.66%,  Train F1: 24.91%,  Val Loss:   1.1,  Val Acc: 59.88%,  Val F1: 24.97%
2022-07-12 09:10:33,881 - train_eval.py[line:88] - INFO: Precision, Recall and F1-Score...
2022-07-12 09:10:33,881 - train_eval.py[line:89] - INFO:               precision    recall  f1-score   support

    negative     0.0000    0.0000    0.0000       233
     neutral     0.0000    0.0000    0.0000        88
    positive     0.5988    1.0000    0.7490       479

    accuracy                         0.5988       800
   macro avg     0.1996    0.3333    0.2497       800
weighted avg     0.3585    0.5988    0.4485       800

2022-07-12 09:10:33,881 - train_eval.py[line:90] - INFO: Confusion Matrix...
2022-07-12 09:10:33,881 - train_eval.py[line:91] - INFO: [[  0   0 233]
 [  0   0  88]
 [  0   0 479]]
2022-07-12 09:10:33,881 - train_eval.py[line:45] - INFO: Epoch [6/30]
2022-07-12 09:13:34,360 - train_eval.py[line:87] - INFO: Train Loss: 1.08712,  Train Acc: 59.66%,  Train F1: 24.91%,  Val Loss:   1.1,  Val Acc: 59.88%,  Val F1: 24.97%
2022-07-12 09:13:34,360 - train_eval.py[line:88] - INFO: Precision, Recall and F1-Score...
2022-07-12 09:13:34,360 - train_eval.py[line:89] - INFO:               precision    recall  f1-score   support

    negative     0.0000    0.0000    0.0000       233
     neutral     0.0000    0.0000    0.0000        88
    positive     0.5988    1.0000    0.7490       479

    accuracy                         0.5988       800
   macro avg     0.1996    0.3333    0.2497       800
weighted avg     0.3585    0.5988    0.4485       800

2022-07-12 09:13:34,360 - train_eval.py[line:90] - INFO: Confusion Matrix...
2022-07-12 09:13:34,360 - train_eval.py[line:91] - INFO: [[  0   0 233]
 [  0   0  88]
 [  0   0 479]]
2022-07-12 09:13:34,360 - train_eval.py[line:45] - INFO: Epoch [7/30]
2022-07-12 09:15:15,622 - train_eval.py[line:87] - INFO: Train Loss: 1.0862,  Train Acc: 59.66%,  Train F1: 24.91%,  Val Loss:   1.1,  Val Acc: 59.88%,  Val F1: 24.97%
2022-07-12 09:15:15,623 - train_eval.py[line:88] - INFO: Precision, Recall and F1-Score...
2022-07-12 09:15:15,623 - train_eval.py[line:89] - INFO:               precision    recall  f1-score   support

    negative     0.0000    0.0000    0.0000       233
     neutral     0.0000    0.0000    0.0000        88
    positive     0.5988    1.0000    0.7490       479

    accuracy                         0.5988       800
   macro avg     0.1996    0.3333    0.2497       800
weighted avg     0.3585    0.5988    0.4485       800

2022-07-12 09:15:15,623 - train_eval.py[line:90] - INFO: Confusion Matrix...
2022-07-12 09:15:15,623 - train_eval.py[line:91] - INFO: [[  0   0 233]
 [  0   0  88]
 [  0   0 479]]
2022-07-12 09:15:15,623 - train_eval.py[line:45] - INFO: Epoch [8/30]
2022-07-12 09:16:47,389 - train_eval.py[line:87] - INFO: Train Loss: 1.08522,  Train Acc: 59.66%,  Train F1: 24.91%,  Val Loss:   1.1,  Val Acc: 59.88%,  Val F1: 24.97%
2022-07-12 09:16:47,389 - train_eval.py[line:88] - INFO: Precision, Recall and F1-Score...
2022-07-12 09:16:47,389 - train_eval.py[line:89] - INFO:               precision    recall  f1-score   support

    negative     0.0000    0.0000    0.0000       233
     neutral     0.0000    0.0000    0.0000        88
    positive     0.5988    1.0000    0.7490       479

    accuracy                         0.5988       800
   macro avg     0.1996    0.3333    0.2497       800
weighted avg     0.3585    0.5988    0.4485       800

2022-07-12 09:16:47,389 - train_eval.py[line:90] - INFO: Confusion Matrix...
2022-07-12 09:16:47,389 - train_eval.py[line:91] - INFO: [[  0   0 233]
 [  0   0  88]
 [  0   0 479]]
2022-07-12 09:16:47,390 - train_eval.py[line:99] - INFO: No optimization for a long time, auto-stopping...
2022-07-12 09:16:56,689 - train_eval.py[line:118] - INFO: Test Loss:   1.1,  Test Acc: 59.88%, Test F1:24.97%
2022-07-12 09:16:56,689 - train_eval.py[line:119] - INFO: Precision, Recall and F1-Score...
2022-07-12 09:16:56,689 - train_eval.py[line:120] - INFO:               precision    recall  f1-score   support

    negative     0.0000    0.0000    0.0000       233
     neutral     0.0000    0.0000    0.0000        88
    positive     0.5988    1.0000    0.7490       479

    accuracy                         0.5988       800
   macro avg     0.1996    0.3333    0.2497       800
weighted avg     0.3585    0.5988    0.4485       800

2022-07-12 09:16:56,689 - train_eval.py[line:121] - INFO: Confusion Matrix...
2022-07-12 09:16:56,689 - train_eval.py[line:122] - INFO: [[  0   0 233]
 [  0   0  88]
 [  0   0 479]]
2022-07-12 09:16:56,690 - train_eval.py[line:124] - INFO: Time usage:0:00:09
2022-07-12 09:17:04,563 - run.py[line:42] - INFO: GRU_VGG16 model training end...
